Дата и время вызова функции 2023-07-25|16-29-24
Функция hello_world возвращает Hello World
Args: ()
Kwrgs: {}
Дата и время вызова функции 2023-07-25|16-29-24
Функция hello_world возвращает Hello World
Args: ()
Kwrgs: {}
Дата и время вызова функции 2023-07-25|16-29-24
Функция summator возвращает 4
Args: (2, 2)
Kwrgs: {}
Дата и время вызова функции 2023-07-25|16-29-24
Функция div возвращает 3.0
Args: (6, 2)
Kwrgs: {}
Дата и время вызова функции 2023-07-25|16-29-24
Функция summator возвращает 6.5
Args: (4.3,)
Kwrgs: {'b': 2.2}
Дата и время вызова функции 2023-07-25|16-29-24
Функция summator возвращает 0
Args: ()
Kwrgs: {'a': 0, 'b': 0}
